Build started 2014-03-18 11:22:46.
     1>Project "c:\Users\SESEMO\documents\visual studio 2013\Projects\AROpenCVProject\AROpenCVProject\AROpenCVProject.vcxproj" on node 2 (Build target(s)).
     1>ClCompile:
         C:\Program Files (x86)\Microsoft Visual Studio 12.0\VC\bin\x86_amd64\CL.exe /c /IC:\opencv\build\\install\include /Zi /nologo /W3 /WX- /O2 /Oi /GL /D WIN32 /D NDEBUG /D _CONSOLE /D _LIB /D _UNICODE /D UNICODE /Gm- /EHsc /MD /GS /Gy /fp:precise /Zc:wchar_t /Zc:forScope /Fo"x64\Release\\" /Fd"x64\Release\vc120.pdb" /Gd /TP /errorReport:prompt CameraCalibration.cpp FeatureMatcher.cpp Main.cpp
         CameraCalibration.cpp
         FeatureMatcher.cpp
         Main.cpp
       Link:
         C:\Program Files (x86)\Microsoft Visual Studio 12.0\VC\bin\x86_amd64\link.exe /ERRORREPORT:PROMPT /OUT:"c:\users\sesemo\documents\visual studio 2013\Projects\AROpenCVProject\x64\Release\AROpenCVProject.exe" /INCREMENTAL:NO /NOLOGO kernel32.lib user32.lib gdi32.lib winspool.lib comdlg32.lib advapi32.lib shell32.lib ole32.lib oleaut32.lib uuid.lib odbc32.lib odbccp32.lib /MANIFEST /MANIFESTUAC:"level='asInvoker' uiAccess='false'" /manifest:embed /DEBUG /PDB:"c:\users\sesemo\documents\visual studio 2013\Projects\AROpenCVProject\x64\Release\AROpenCVProject.pdb" /SUBSYSTEM:CONSOLE /OPT:REF /OPT:ICF /LTCG /TLBID:1 /DYNAMICBASE /NXCOMPAT /IMPLIB:"c:\users\sesemo\documents\visual studio 2013\Projects\AROpenCVProject\x64\Release\AROpenCVProject.lib" /MACHINE:X64 x64\Release\CameraCalibration.obj
         x64\Release\FeatureMatcher.obj
         x64\Release\Main.obj
     1>FeatureMatcher.obj : error LNK2001: unresolved external symbol "protected: virtual void __cdecl cv::BFMatcher::radiusMatchImpl(class cv::Mat const &,class std::vector<class std::vector<struct cv::DMatch,class std::allocator<struct cv::DMatch> >,class std::allocator<class std::vector<struct cv::DMatch,class std::allocator<struct cv::DMatch> > > > &,float,class std::vector<class cv::Mat,class std::allocator<class cv::Mat> > const &,bool)" (?radiusMatchImpl@BFMatcher@cv@@MEAAXAEBVMat@2@AEAV?$vector@V?$vector@UDMatch@cv@@V?$allocator@UDMatch@cv@@@std@@@std@@V?$allocator@V?$vector@UDMatch@cv@@V?$allocator@UDMatch@cv@@@std@@@std@@@2@@std@@MAEBV?$vector@VMat@cv@@V?$allocator@VMat@cv@@@std@@@5@_N@Z)
     1>FeatureMatcher.obj : error LNK2001: unresolved external symbol "protected: virtual void __cdecl cv::BFMatcher::knnMatchImpl(class cv::Mat const &,class std::vector<class std::vector<struct cv::DMatch,class std::allocator<struct cv::DMatch> >,class std::allocator<class std::vector<struct cv::DMatch,class std::allocator<struct cv::DMatch> > > > &,int,class std::vector<class cv::Mat,class std::allocator<class cv::Mat> > const &,bool)" (?knnMatchImpl@BFMatcher@cv@@MEAAXAEBVMat@2@AEAV?$vector@V?$vector@UDMatch@cv@@V?$allocator@UDMatch@cv@@@std@@@std@@V?$allocator@V?$vector@UDMatch@cv@@V?$allocator@UDMatch@cv@@@std@@@std@@@2@@std@@HAEBV?$vector@VMat@cv@@V?$allocator@VMat@cv@@@std@@@5@_N@Z)
     1>FeatureMatcher.obj : error LNK2001: unresolved external symbol "public: virtual class cv::AlgorithmInfo * __cdecl cv::BFMatcher::info(void)const " (?info@BFMatcher@cv@@UEBAPEAVAlgorithmInfo@2@XZ)
     1>FeatureMatcher.obj : error LNK2001: unresolved external symbol "public: virtual class cv::Ptr<class cv::DescriptorMatcher> __cdecl cv::BFMatcher::clone(bool)const " (?clone@BFMatcher@cv@@UEBA?AV?$Ptr@VDescriptorMatcher@cv@@@2@_N@Z)
     1>FeatureMatcher.obj : error LNK2001: unresolved external symbol "public: __cdecl cv::BFMatcher::BFMatcher(int,bool)" (??0BFMatcher@cv@@QEAA@H_N@Z)
     1>FeatureMatcher.obj : error LNK2001: unresolved external symbol "public: virtual bool __cdecl cv::_InputArray::empty(void)const " (?empty@_InputArray@cv@@UEBA_NXZ)
     1>FeatureMatcher.obj : error LNK2001: unresolved external symbol "public: virtual int __cdecl cv::_InputArray::channels(int)const " (?channels@_InputArray@cv@@UEBAHH@Z)
     1>FeatureMatcher.obj : error LNK2001: unresolved external symbol "public: virtual int __cdecl cv::_InputArray::depth(int)const " (?depth@_InputArray@cv@@UEBAHH@Z)
     1>FeatureMatcher.obj : error LNK2001: unresolved external symbol "public: virtual int __cdecl cv::_InputArray::type(int)const " (?type@_InputArray@cv@@UEBAHH@Z)
     1>FeatureMatcher.obj : error LNK2001: unresolved external symbol "public: virtual unsigned __int64 __cdecl cv::_InputArray::total(int)const " (?total@_InputArray@cv@@UEBA_KH@Z)
     1>FeatureMatcher.obj : error LNK2001: unresolved external symbol "public: virtual class cv::Size_<int> __cdecl cv::_InputArray::size(int)const " (?size@_InputArray@cv@@UEBA?AV?$Size_@H@2@H@Z)
     1>FeatureMatcher.obj : error LNK2001: unresolved external symbol "public: virtual int __cdecl cv::_InputArray::kind(void)const " (?kind@_InputArray@cv@@UEBAHXZ)
     1>FeatureMatcher.obj : error LNK2001: unresolved external symbol "public: virtual class cv::gpu::GpuMat __cdecl cv::_InputArray::getGpuMat(void)const " (?getGpuMat@_InputArray@cv@@UEBA?AVGpuMat@gpu@2@XZ)
     1>FeatureMatcher.obj : error LNK2001: unresolved external symbol "public: virtual class cv::GlTexture __cdecl cv::_InputArray::getGlTexture(void)const " (?getGlTexture@_InputArray@cv@@UEBA?AVGlTexture@2@XZ)
     1>FeatureMatcher.obj : error LNK2001: unresolved external symbol "public: virtual class cv::GlBuffer __cdecl cv::_InputArray::getGlBuffer(void)const " (?getGlBuffer@_InputArray@cv@@UEBA?AVGlBuffer@2@XZ)
     1>FeatureMatcher.obj : error LNK2001: unresolved external symbol "public: virtual void __cdecl cv::_InputArray::getMatVector(class std::vector<class cv::Mat,class std::allocator<class cv::Mat> > &)const " (?getMatVector@_InputArray@cv@@UEBAXAEAV?$vector@VMat@cv@@V?$allocator@VMat@cv@@@std@@@std@@@Z)
     1>FeatureMatcher.obj : error LNK2001: unresolved external symbol "public: virtual class cv::Mat __cdecl cv::_InputArray::getMat(int)const " (?getMat@_InputArray@cv@@UEBA?AVMat@2@H@Z)
     1>FeatureMatcher.obj : error LNK2001: unresolved external symbol "public: __cdecl cv::_InputArray::_InputArray(class cv::Mat const &)" (??0_InputArray@cv@@QEAA@AEBVMat@1@@Z)
     1>FeatureMatcher.obj : error LNK2001: unresolved external symbol "public: virtual void __cdecl cv::DescriptorMatcher::write(class cv::FileStorage &)const " (?write@DescriptorMatcher@cv@@UEBAXAEAVFileStorage@2@@Z)
     1>FeatureMatcher.obj : error LNK2001: unresolved external symbol "public: virtual void __cdecl cv::DescriptorMatcher::read(class cv::FileNode const &)" (?read@DescriptorMatcher@cv@@UEAAXAEBVFileNode@2@@Z)
     1>FeatureMatcher.obj : error LNK2001: unresolved external symbol "public: void __cdecl cv::DescriptorMatcher::knnMatch(class cv::Mat const &,class cv::Mat const &,class std::vector<class std::vector<struct cv::DMatch,class std::allocator<struct cv::DMatch> >,class std::allocator<class std::vector<struct cv::DMatch,class std::allocator<struct cv::DMatch> > > > &,int,class cv::Mat const &,bool)const " (?knnMatch@DescriptorMatcher@cv@@QEBAXAEBVMat@2@0AEAV?$vector@V?$vector@UDMatch@cv@@V?$allocator@UDMatch@cv@@@std@@@std@@V?$allocator@V?$vector@UDMatch@cv@@V?$allocator@UDMatch@cv@@@std@@@std@@@2@@std@@H0_N@Z)
     1>FeatureMatcher.obj : error LNK2001: unresolved external symbol "public: virtual void __cdecl cv::DescriptorMatcher::train(void)" (?train@DescriptorMatcher@cv@@UEAAXXZ)
     1>FeatureMatcher.obj : error LNK2001: unresolved external symbol "public: virtual bool __cdecl cv::DescriptorMatcher::empty(void)const " (?empty@DescriptorMatcher@cv@@UEBA_NXZ)
     1>FeatureMatcher.obj : error LNK2001: unresolved external symbol "public: virtual void __cdecl cv::DescriptorMatcher::clear(void)" (?clear@DescriptorMatcher@cv@@UEAAXXZ)
     1>FeatureMatcher.obj : error LNK2001: unresolved external symbol "public: virtual void __cdecl cv::DescriptorMatcher::add(class std::vector<class cv::Mat,class std::allocator<class cv::Mat> > const &)" (?add@DescriptorMatcher@cv@@UEAAXAEBV?$vector@VMat@cv@@V?$allocator@VMat@cv@@@std@@@std@@@Z)
     1>FeatureMatcher.obj : error LNK2001: unresolved external symbol "public: virtual __cdecl cv::DescriptorMatcher::~DescriptorMatcher(void)" (??1DescriptorMatcher@cv@@UEAA@XZ)
     1>FeatureMatcher.obj : error LNK2001: unresolved external symbol "void __cdecl cv::fastFree(void *)" (?fastFree@cv@@YAXPEAX@Z)
     1>FeatureMatcher.obj : error LNK2001: unresolved external symbol "public: void __cdecl cv::FeatureDetector::detect(class cv::Mat const &,class std::vector<class cv::KeyPoint,class std::allocator<class cv::KeyPoint> > &,class cv::Mat const &)const " (?detect@FeatureDetector@cv@@QEBAXAEBVMat@2@AEAV?$vector@VKeyPoint@cv@@V?$allocator@VKeyPoint@cv@@@std@@@std@@0@Z)
     1>FeatureMatcher.obj : error LNK2001: unresolved external symbol "public: void __cdecl cv::Mat::copySize(class cv::Mat const &)" (?copySize@Mat@cv@@QEAAXAEBV12@@Z)
     1>FeatureMatcher.obj : error LNK2001: unresolved external symbol "public: void __cdecl cv::Mat::deallocate(void)" (?deallocate@Mat@cv@@QEAAXXZ)
     1>FeatureMatcher.obj : error LNK2001: unresolved external symbol "public: static class cv::MatExpr __cdecl cv::Mat::zeros(class cv::Size_<int>,int)" (?zeros@Mat@cv@@SA?AVMatExpr@2@V?$Size_@H@2@H@Z)
     1>FeatureMatcher.obj : error LNK2001: unresolved external symbol "public: void __cdecl cv::Mat::copyTo(class cv::_OutputArray const &)const " (?copyTo@Mat@cv@@QEBAXAEBV_OutputArray@2@@Z)
     1>FeatureMatcher.obj : error LNK2001: unresolved external symbol "public: class cv::Mat & __cdecl cv::Mat::operator=(class cv::Scalar_<double> const &)" (??4Mat@cv@@QEAAAEAV01@AEBV?$Scalar_@N@1@@Z)
     1>FeatureMatcher.obj : error LNK2001: unresolved external symbol "public: __cdecl cv::Mat::Mat(class cv::Mat const &,class cv::Rect_<int> const &)" (??0Mat@cv@@QEAA@AEBV01@AEBV?$Rect_@H@1@@Z)
     1>FeatureMatcher.obj : error LNK2001: unresolved external symbol "int __cdecl cv::_interlockedExchangeAdd(int *,int)" (?_interlockedExchangeAdd@cv@@YAHPEAHH@Z)
     1>FeatureMatcher.obj : error LNK2001: unresolved external symbol "class cv::Mat __cdecl cv::findFundamentalMat(class cv::_InputArray const &,class cv::_InputArray const &,class cv::_OutputArray const &,int,double,double)" (?findFundamentalMat@cv@@YA?AVMat@1@AEBV_InputArray@1@0AEBV_OutputArray@1@HNN@Z)
     1>FeatureMatcher.obj : error LNK2001: unresolved external symbol "public: virtual void __cdecl cv::_OutputArray::clear(void)const " (?clear@_OutputArray@cv@@UEBAXXZ)
     1>FeatureMatcher.obj : error LNK2001: unresolved external symbol "public: virtual void __cdecl cv::_OutputArray::release(void)const " (?release@_OutputArray@cv@@UEBAXXZ)
     1>FeatureMatcher.obj : error LNK2001: unresolved external symbol "public: virtual void __cdecl cv::_OutputArray::create(class cv::Size_<int>,int,int,bool,int)const " (?create@_OutputArray@cv@@UEBAXV?$Size_@H@2@HH_NH@Z)
     1>FeatureMatcher.obj : error LNK2001: unresolved external symbol "public: virtual void __cdecl cv::_OutputArray::create(int,int,int,int,bool,int)const " (?create@_OutputArray@cv@@UEBAXHHHH_NH@Z)
     1>FeatureMatcher.obj : error LNK2001: unresolved external symbol "public: virtual void __cdecl cv::_OutputArray::create(int,int const *,int,int,bool,int)const " (?create@_OutputArray@cv@@UEBAXHPEBHHH_NH@Z)
     1>FeatureMatcher.obj : error LNK2001: unresolved external symbol "public: virtual class cv::Mat & __cdecl cv::_OutputArray::getMatRef(int)const " (?getMatRef@_OutputArray@cv@@UEBAAEAVMat@2@H@Z)
     1>FeatureMatcher.obj : error LNK2001: unresolved external symbol "public: virtual bool __cdecl cv::_OutputArray::needed(void)const " (?needed@_OutputArray@cv@@UEBA_NXZ)
     1>FeatureMatcher.obj : error LNK2001: unresolved external symbol "public: virtual bool __cdecl cv::_OutputArray::fixedType(void)const " (?fixedType@_OutputArray@cv@@UEBA_NXZ)
     1>FeatureMatcher.obj : error LNK2001: unresolved external symbol "public: virtual bool __cdecl cv::_OutputArray::fixedSize(void)const " (?fixedSize@_OutputArray@cv@@UEBA_NXZ)
     1>FeatureMatcher.obj : error LNK2001: unresolved external symbol "public: __cdecl cv::_OutputArray::_OutputArray(class cv::Mat &)" (??0_OutputArray@cv@@QEAA@AEAVMat@1@@Z)
     1>FeatureMatcher.obj : error LNK2001: unresolved external symbol "public: void __cdecl cv::Feature2D::compute(class cv::Mat const &,class std::vector<class cv::KeyPoint,class std::allocator<class cv::KeyPoint> > &,class cv::Mat &)const " (?compute@Feature2D@cv@@QEBAXAEBVMat@2@AEAV?$vector@VKeyPoint@cv@@V?$allocator@VKeyPoint@cv@@@std@@@std@@AEAV32@@Z)
     1>FeatureMatcher.obj : error LNK2001: unresolved external symbol "void __cdecl cv::drawMatches(class cv::Mat const &,class std::vector<class cv::KeyPoint,class std::allocator<class cv::KeyPoint> > const &,class cv::Mat const &,class std::vector<class cv::KeyPoint,class std::allocator<class cv::KeyPoint> > const &,class std::vector<struct cv::DMatch,class std::allocator<struct cv::DMatch> > const &,class cv::Mat &,class cv::Scalar_<double> const &,class cv::Scalar_<double> const &,class std::vector<char,class std::allocator<char> > const &,int)" (?drawMatches@cv@@YAXAEBVMat@1@AEBV?$vector@VKeyPoint@cv@@V?$allocator@VKeyPoint@cv@@@std@@@std@@01AEBV?$vector@UDMatch@cv@@V?$allocator@UDMatch@cv@@@std@@@4@AEAV21@AEBV?$Scalar_@N@1@4AEBV?$vector@DV?$allocator@D@std@@@4@H@Z)
     1>FeatureMatcher.obj : error LNK2001: unresolved external symbol "void __cdecl cv::imshow(class std::basic_string<char,struct std::char_traits<char>,class std::allocator<char> > const &,class cv::_InputArray const &)" (?imshow@cv@@YAXAEBV?$basic_string@DU?$char_traits@D@std@@V?$allocator@D@2@@std@@AEBV_InputArray@1@@Z)
     1>Main.obj : error LNK2001: unresolved external symbol "int __cdecl cv::waitKey(int)" (?waitKey@cv@@YAHH@Z)
     1>Main.obj : error LNK2001: unresolved external symbol "void __cdecl cv::initUndistortRectifyMap(class cv::_InputArray const &,class cv::_InputArray const &,class cv::_InputArray const &,class cv::_InputArray const &,class cv::Size_<int>,int,class cv::_OutputArray const &,class cv::_OutputArray const &)" (?initUndistortRectifyMap@cv@@YAXAEBV_InputArray@1@000V?$Size_@H@1@HAEBV_OutputArray@1@2@Z)
     1>Main.obj : error LNK2001: unresolved external symbol "class cv::Mat __cdecl cv::imread(class std::basic_string<char,struct std::char_traits<char>,class std::allocator<char> > const &,int)" (?imread@cv@@YA?AVMat@1@AEBV?$basic_string@DU?$char_traits@D@std@@V?$allocator@D@2@@std@@H@Z)
     1>Main.obj : error LNK2001: unresolved external symbol "class cv::Mat __cdecl cv::getOptimalNewCameraMatrix(class cv::_InputArray const &,class cv::_InputArray const &,class cv::Size_<int>,double,class cv::Size_<int>,class cv::Rect_<int> *,bool)" (?getOptimalNewCameraMatrix@cv@@YA?AVMat@1@AEBV_InputArray@1@0V?$Size_@H@1@N1PEAV?$Rect_@H@1@_N@Z)
     1>Main.obj : error LNK2001: unresolved external symbol "public: static class cv::MatExpr __cdecl cv::Mat::eye(int,int,int)" (?eye@Mat@cv@@SA?AVMatExpr@2@HHH@Z)
     1>Main.obj : error LNK2001: unresolved external symbol "public: class cv::FileNode __cdecl cv::FileStorage::operator[](char const *)const " (??AFileStorage@cv@@QEBA?AVFileNode@1@PEBD@Z)
     1>Main.obj : error LNK2001: unresolved external symbol "public: virtual void __cdecl cv::FileStorage::release(void)" (?release@FileStorage@cv@@UEAAXXZ)
     1>Main.obj : error LNK2001: unresolved external symbol "public: virtual __cdecl cv::FileStorage::~FileStorage(void)" (??1FileStorage@cv@@UEAA@XZ)
     1>Main.obj : error LNK2001: unresolved external symbol "public: __cdecl cv::FileStorage::FileStorage(class std::basic_string<char,struct std::char_traits<char>,class std::allocator<char> > const &,int,class std::basic_string<char,struct std::char_traits<char>,class std::allocator<char> > const &)" (??0FileStorage@cv@@QEAA@AEBV?$basic_string@DU?$char_traits@D@std@@V?$allocator@D@2@@std@@H0@Z)
     1>Main.obj : error LNK2001: unresolved external symbol "public: __cdecl cv::SURF::SURF(void)" (??0SURF@cv@@QEAA@XZ)
     1>Main.obj : error LNK2001: unresolved external symbol "void __cdecl cv::read(class cv::FileNode const &,class cv::Mat &,class cv::Mat const &)" (?read@cv@@YAXAEBVFileNode@1@AEAVMat@1@AEBV31@@Z)
     1>Main.obj : error LNK2001: unresolved external symbol "void __cdecl cv::remap(class cv::_InputArray const &,class cv::_OutputArray const &,class cv::_InputArray const &,class cv::_InputArray const &,int,int,class cv::Scalar_<double> const &)" (?remap@cv@@YAXAEBV_InputArray@1@AEBV_OutputArray@1@00HHAEBV?$Scalar_@N@1@@Z)
     1>c:\users\sesemo\documents\visual studio 2013\Projects\AROpenCVProject\x64\Release\AROpenCVProject.exe : fatal error LNK1120: 61 unresolved externals
     1>Done Building Project "c:\Users\SESEMO\documents\visual studio 2013\Projects\AROpenCVProject\AROpenCVProject\AROpenCVProject.vcxproj" (Build target(s)) -- FAILED.

Build FAILED.

Time Elapsed 00:00:02.41
