c:\users\sesemo\documents\visual studio 2013\projects\aropencvproject\aropencvproject\x64\debug\vc120.pdb
c:\users\sesemo\documents\visual studio 2013\projects\aropencvproject\aropencvproject\x64\debug\vc120.idb
c:\users\sesemo\documents\visual studio 2013\projects\aropencvproject\aropencvproject\x64\debug\cameracalibration.obj
c:\users\sesemo\documents\visual studio 2013\projects\aropencvproject\aropencvproject\x64\debug\common.obj
c:\users\sesemo\documents\visual studio 2013\projects\aropencvproject\aropencvproject\x64\debug\featurematcher.obj
c:\users\sesemo\documents\visual studio 2013\projects\aropencvproject\aropencvproject\x64\debug\five-point.obj
c:\users\sesemo\documents\visual studio 2013\projects\aropencvproject\aropencvproject\x64\debug\modelest.obj
c:\users\sesemo\documents\visual studio 2013\projects\aropencvproject\aropencvproject\x64\debug\precomp.obj
c:\users\sesemo\documents\visual studio 2013\projects\aropencvproject\aropencvproject\x64\debug\main.obj
c:\users\sesemo\documents\visual studio 2013\projects\aropencvproject\aropencvproject\x64\debug\multipleviews.obj
c:\users\sesemo\documents\visual studio 2013\projects\aropencvproject\aropencvproject\x64\debug\poseestimation.obj
c:\users\sesemo\documents\visual studio 2013\projects\aropencvproject\aropencvproject\x64\debug\renderpoints.obj
c:\users\sesemo\documents\visual studio 2013\projects\aropencvproject\aropencvproject\x64\debug\storage.obj
c:\users\sesemo\documents\visual studio 2013\projects\aropencvproject\x64\debug\aropencvproject.ilk
c:\users\sesemo\documents\visual studio 2013\projects\aropencvproject\x64\debug\aropencvproject.exe
c:\users\sesemo\documents\visual studio 2013\projects\aropencvproject\x64\debug\aropencvproject.pdb
c:\users\sesemo\documents\visual studio 2013\projects\aropencvproject\aropencvproject\x64\debug\aropencvproject.tlog\cl.command.1.tlog
c:\users\sesemo\documents\visual studio 2013\projects\aropencvproject\aropencvproject\x64\debug\aropencvproject.tlog\cl.read.1.tlog
c:\users\sesemo\documents\visual studio 2013\projects\aropencvproject\aropencvproject\x64\debug\aropencvproject.tlog\cl.write.1.tlog
c:\users\sesemo\documents\visual studio 2013\projects\aropencvproject\aropencvproject\x64\debug\aropencvproject.tlog\link.command.1.tlog
c:\users\sesemo\documents\visual studio 2013\projects\aropencvproject\aropencvproject\x64\debug\aropencvproject.tlog\link.read.1.tlog
c:\users\sesemo\documents\visual studio 2013\projects\aropencvproject\aropencvproject\x64\debug\aropencvproject.tlog\link.write.1.tlog
